2019-01-10 11:37:57,257:INFO main (StartupInfoLogger.java:50) - Starting BootDemoApplication on YLMF-1801251609 with PID 5672 (D:\ideaspace\bootDemo4\target\classes started by Administrator in D:\ideaspace\bootDemo4)
2019-01-10 11:37:57,264:INFO main (SpringApplication.java:675) - No active profile set, falling back to default profiles: default
2019-01-10 11:37:57,810:INFO main (RepositoryConfigurationDelegate.java:244) - Multiple Spring Data modules found, entering strict repository configuration mode!
2019-01-10 11:37:57,813:INFO main (RepositoryConfigurationDelegate.java:126) - Bootstrapping Spring Data repositories in DEFAULT mode.
2019-01-10 11:37:57,834:INFO main (RepositoryConfigurationDelegate.java:182) - Finished Spring Data repository scanning in 9ms. Found 0 repository interfaces.
2019-01-10 11:37:58,106:INFO main (PostProcessorRegistrationDelegate.java:330) - Bean 'org.springframework.transaction.annotation.ProxyTransactionManagementConfiguration' of type [org.springframework.transaction.annotation.ProxyTransactionManagementConfiguration$$EnhancerBySpringCGLIB$$ef3a414a] is not eligible for getting processed by all BeanPostProcessors (for example: not eligible for auto-proxying)
2019-01-10 11:37:58,154:INFO main (PostProcessorRegistrationDelegate.java:330) - Bean 'spring.redis-org.springframework.boot.autoconfigure.data.redis.RedisProperties' of type [org.springframework.boot.autoconfigure.data.redis.RedisProperties] is not eligible for getting processed by all BeanPostProcessors (for example: not eligible for auto-proxying)
2019-01-10 11:37:58,157:INFO main (PostProcessorRegistrationDelegate.java:330) - Bean 'org.springframework.boot.autoconfigure.data.redis.LettuceConnectionConfiguration' of type [org.springframework.boot.autoconfigure.data.redis.LettuceConnectionConfiguration$$EnhancerBySpringCGLIB$$453ff94] is not eligible for getting processed by all BeanPostProcessors (for example: not eligible for auto-proxying)
2019-01-10 11:37:58,248:INFO main (PostProcessorRegistrationDelegate.java:330) - Bean 'lettuceClientResources' of type [io.lettuce.core.resource.DefaultClientResources] is not eligible for getting processed by all BeanPostProcessors (for example: not eligible for auto-proxying)
2019-01-10 11:37:58,313:INFO main (PostProcessorRegistrationDelegate.java:330) - Bean 'redisConnectionFactory' of type [org.springframework.data.redis.connection.lettuce.LettuceConnectionFactory] is not eligible for getting processed by all BeanPostProcessors (for example: not eligible for auto-proxying)
2019-01-10 11:37:58,314:INFO main (PostProcessorRegistrationDelegate.java:330) - Bean 'redisConfig' of type [com.bdth.bootDemo.config.RedisConfig$$EnhancerBySpringCGLIB$$8d67c30e] is not eligible for getting processed by all BeanPostProcessors (for example: not eligible for auto-proxying)
2019-01-10 11:37:58,637:INFO main (TomcatWebServer.java:90) - Tomcat initialized with port(s): 8080 (http)
2019-01-10 11:37:58,648:INFO main (DirectJDKLog.java:173) - Initializing ProtocolHandler ["http-nio-8080"]
2019-01-10 11:37:58,655:INFO main (DirectJDKLog.java:173) - Starting service [Tomcat]
2019-01-10 11:37:58,656:INFO main (DirectJDKLog.java:173) - Starting Servlet Engine: Apache Tomcat/9.0.13
2019-01-10 11:37:58,662:INFO main (DirectJDKLog.java:173) - The APR based Apache Tomcat Native library which allows optimal performance in production environments was not found on the java.library.path: [F:\Program Files\Java\jdk1.8.0_162\bin;C:\Windows\Sun\Java\bin;C:\Windows\system32;C:\Windows;C:\ProgramData\Oracle\Java\javapath;C:\Windows\system32;C:\Windows;C:\Windows\System32\Wbem;C:\Windows\System32\WindowsPowerShell\v1.0\;F:\Program Files\Java\jdk1.8.0_162\bin;D:\maven\apache-maven-3.5.4\bin;%catalina_home%\bin;C:\Program Files\TortoiseSVN\bin;F:\soft\Git\cmd;F:\soft\mysql\bin;F:\soft\svnServer\bin;.]
2019-01-10 11:37:58,831:INFO main (DirectJDKLog.java:173) - At least one JAR was scanned for TLDs yet contained no TLDs. Enable debug logging for this logger for a complete list of JARs that were scanned but no TLDs were found in them. Skipping unneeded JARs during scanning can improve startup time and JSP compilation time.
2019-01-10 11:37:58,835:INFO main (DirectJDKLog.java:173) - Initializing Spring embedded WebApplicationContext
2019-01-10 11:37:58,835:INFO main (ServletWebServerApplicationContext.java:296) - Root WebApplicationContext: initialization completed in 1532 ms
2019-01-10 11:37:59,409:INFO main (ExecutorConfigurationSupport.java:171) - Initializing ExecutorService 'applicationTaskExecutor'
2019-01-10 11:37:59,467:INFO main (WebAppConfig.java:51) - ====== imagesPath: file:/E:/Users ======
2019-01-10 11:37:59,467:INFO main (WebAppConfig.java:53) - ====== 2.涓浼缃绫mImagesPath: file:/E:/Users ======
2019-01-10 11:37:59,496:INFO main (WelcomePageHandlerMapping.java:61) - Adding welcome page template: index
2019-01-10 11:37:59,703:INFO main (DirectJDKLog.java:173) - Starting ProtocolHandler ["http-nio-8080"]
2019-01-10 11:37:59,712:INFO main (DirectJDKLog.java:173) - Using a shared selector for servlet write/read
2019-01-10 11:37:59,734:INFO main (TomcatWebServer.java:204) - Tomcat started on port(s): 8080 (http) with context path '/views'
2019-01-10 11:37:59,737:INFO main (StartupInfoLogger.java:59) - Started BootDemoApplication in 3.202 seconds (JVM running for 4.341)
2019-01-10 11:38:07,675:INFO http-nio-8080-exec-1 (DirectJDKLog.java:173) - Initializing Spring DispatcherServlet 'dispatcherServlet'
2019-01-10 11:38:07,675:INFO http-nio-8080-exec-1 (FrameworkServlet.java:524) - Initializing Servlet 'dispatcherServlet'
2019-01-10 11:38:07,681:INFO http-nio-8080-exec-1 (FrameworkServlet.java:546) - Completed initialization in 6 ms
2019-01-10 11:38:35,789:INFO http-nio-8080-exec-1 (EpollProvider.java:68) - Starting without optional epoll library
2019-01-10 11:38:35,791:INFO http-nio-8080-exec-1 (KqueueProvider.java:70) - Starting without optional kqueue library
2019-01-10 11:49:48,766:INFO main (StartupInfoLogger.java:50) - Starting BootDemoApplicationTests on YLMF-1801251609 with PID 796 (started by Administrator in D:\ideaspace\bootDemo4)
2019-01-10 11:49:48,774:INFO main (SpringApplication.java:675) - No active profile set, falling back to default profiles: default
2019-01-10 11:49:49,630:INFO main (RepositoryConfigurationDelegate.java:244) - Multiple Spring Data modules found, entering strict repository configuration mode!
2019-01-10 11:49:49,634:INFO main (RepositoryConfigurationDelegate.java:126) - Bootstrapping Spring Data repositories in DEFAULT mode.
2019-01-10 11:49:49,656:INFO main (RepositoryConfigurationDelegate.java:182) - Finished Spring Data repository scanning in 9ms. Found 0 repository interfaces.
2019-01-10 11:49:50,113:INFO main (PostProcessorRegistrationDelegate.java:330) - Bean 'org.springframework.transaction.annotation.ProxyTransactionManagementConfiguration' of type [org.springframework.transaction.annotation.ProxyTransactionManagementConfiguration$$EnhancerBySpringCGLIB$$ef70d565] is not eligible for getting processed by all BeanPostProcessors (for example: not eligible for auto-proxying)
2019-01-10 11:49:50,271:INFO main (PostProcessorRegistrationDelegate.java:330) - Bean 'spring.redis-org.springframework.boot.autoconfigure.data.redis.RedisProperties' of type [org.springframework.boot.autoconfigure.data.redis.RedisProperties] is not eligible for getting processed by all BeanPostProcessors (for example: not eligible for auto-proxying)
2019-01-10 11:49:50,285:INFO main (PostProcessorRegistrationDelegate.java:330) - Bean 'org.springframework.boot.autoconfigure.data.redis.LettuceConnectionConfiguration' of type [org.springframework.boot.autoconfigure.data.redis.LettuceConnectionConfiguration$$EnhancerBySpringCGLIB$$48a93af] is not eligible for getting processed by all BeanPostProcessors (for example: not eligible for auto-proxying)
2019-01-10 11:49:50,459:INFO main (PostProcessorRegistrationDelegate.java:330) - Bean 'lettuceClientResources' of type [io.lettuce.core.resource.DefaultClientResources] is not eligible for getting processed by all BeanPostProcessors (for example: not eligible for auto-proxying)
2019-01-10 11:49:50,563:INFO main (PostProcessorRegistrationDelegate.java:330) - Bean 'redisConnectionFactory' of type [org.springframework.data.redis.connection.lettuce.LettuceConnectionFactory] is not eligible for getting processed by all BeanPostProcessors (for example: not eligible for auto-proxying)
2019-01-10 11:49:50,564:INFO main (PostProcessorRegistrationDelegate.java:330) - Bean 'redisConfig' of type [com.bdth.bootDemo.config.RedisConfig$$EnhancerBySpringCGLIB$$8d9e5729] is not eligible for getting processed by all BeanPostProcessors (for example: not eligible for auto-proxying)
2019-01-10 11:49:51,970:INFO main (ExecutorConfigurationSupport.java:171) - Initializing ExecutorService 'applicationTaskExecutor'
2019-01-10 11:49:52,095:INFO main (WebAppConfig.java:51) - ====== imagesPath: file:/E:/Users ======
2019-01-10 11:49:52,096:INFO main (WebAppConfig.java:53) - ====== 2.上传配置类mImagesPath: file:/E:/Users ======
2019-01-10 11:49:52,168:INFO main (WelcomePageHandlerMapping.java:61) - Adding welcome page template: index
2019-01-10 11:49:52,723:INFO main (StartupInfoLogger.java:59) - Started BootDemoApplicationTests in 4.664 seconds (JVM running for 5.621)
2019-01-10 11:49:52,896:INFO main (AbstractTestContextBootstrapper.java:308) - Neither @ContextConfiguration nor @ContextHierarchy found for test class [com.bdth.bootDemo.DemoApplicationTests], using SpringBootContextLoader
2019-01-10 11:49:52,897:INFO main (AbstractContextLoader.java:264) - Could not detect default resource locations for test class [com.bdth.bootDemo.DemoApplicationTests]: no resource found for suffixes {-context.xml, Context.groovy}.
2019-01-10 11:49:52,897:INFO main (AnnotationConfigContextLoaderUtils.java:83) - Could not detect default configuration classes for test class [com.bdth.bootDemo.DemoApplicationTests]: DemoApplicationTests does not declare any static, non-private, non-final, nested classes annotated with @Configuration.
2019-01-10 11:49:52,900:INFO main (SpringBootTestContextBootstrapper.java:247) - Found @SpringBootConfiguration com.bdth.bootDemo.BootDemoApplication for test class com.bdth.bootDemo.DemoApplicationTests
2019-01-10 11:49:52,902:INFO main (AbstractTestContextBootstrapper.java:248) - Loaded default TestExecutionListener class names from location [META-INF/spring.factories]: [org.springframework.boot.test.mock.mockito.MockitoTestExecutionListener, org.springframework.boot.test.mock.mockito.ResetMocksTestExecutionListener, org.springframework.boot.test.autoconfigure.restdocs.RestDocsTestExecutionListener, org.springframework.boot.test.autoconfigure.web.client.MockRestServiceServerResetTestExecutionListener, org.springframework.boot.test.autoconfigure.web.servlet.MockMvcPrintOnlyOnFailureTestExecutionListener, org.springframework.boot.test.autoconfigure.web.servlet.WebDriverTestExecutionListener, org.springframework.test.context.web.ServletTestExecutionListener, org.springframework.test.context.support.DirtiesContextBeforeModesTestExecutionListener, org.springframework.test.context.support.DependencyInjectionTestExecutionListener, org.springframework.test.context.support.DirtiesContextTestExecutionListener, org.springframework.test.context.transaction.TransactionalTestExecutionListener, org.springframework.test.context.jdbc.SqlScriptsTestExecutionListener]
2019-01-10 11:49:52,902:INFO main (AbstractTestContextBootstrapper.java:177) - Using TestExecutionListeners: [org.springframework.test.context.web.ServletTestExecutionListener@33eb0d4, org.springframework.test.context.support.DirtiesContextBeforeModesTestExecutionListener@224d86d2, org.springframework.boot.test.mock.mockito.MockitoTestExecutionListener@a3cba3a, org.springframework.boot.test.autoconfigure.SpringBootDependencyInjectionTestExecutionListener@2aea717c, org.springframework.test.context.support.DirtiesContextTestExecutionListener@5ca4dce5, org.springframework.test.context.transaction.TransactionalTestExecutionListener@1291aab5, org.springframework.test.context.jdbc.SqlScriptsTestExecutionListener@7d133fb7, org.springframework.boot.test.mock.mockito.ResetMocksTestExecutionListener@40bd0f8, org.springframework.boot.test.autoconfigure.restdocs.RestDocsTestExecutionListener@7eb27768, org.springframework.boot.test.autoconfigure.web.client.MockRestServiceServerResetTestExecutionListener@6169be09, org.springframework.boot.test.autoconfigure.web.servlet.MockMvcPrintOnlyOnFailureTestExecutionListener@5e3db14, org.springframework.boot.test.autoconfigure.web.servlet.WebDriverTestExecutionListener@5fb54740]
2019-01-10 11:49:52,959:INFO main (StartupInfoLogger.java:50) - Starting DemoApplicationTests on YLMF-1801251609 with PID 796 (started by Administrator in D:\ideaspace\bootDemo4)
2019-01-10 11:49:52,959:INFO main (SpringApplication.java:675) - No active profile set, falling back to default profiles: default
2019-01-10 11:49:53,154:INFO main (RepositoryConfigurationDelegate.java:244) - Multiple Spring Data modules found, entering strict repository configuration mode!
2019-01-10 11:49:53,154:INFO main (RepositoryConfigurationDelegate.java:126) - Bootstrapping Spring Data repositories in DEFAULT mode.
2019-01-10 11:49:53,161:INFO main (RepositoryConfigurationDelegate.java:182) - Finished Spring Data repository scanning in 6ms. Found 0 repository interfaces.
2019-01-10 11:49:53,248:INFO main (PostProcessorRegistrationDelegate.java:330) - Bean 'org.springframework.transaction.annotation.ProxyTransactionManagementConfiguration' of type [org.springframework.transaction.annotation.ProxyTransactionManagementConfiguration$$EnhancerBySpringCGLIB$$ef70d565] is not eligible for getting processed by all BeanPostProcessors (for example: not eligible for auto-proxying)
2019-01-10 11:49:53,284:INFO main (PostProcessorRegistrationDelegate.java:330) - Bean 'spring.redis-org.springframework.boot.autoconfigure.data.redis.RedisProperties' of type [org.springframework.boot.autoconfigure.data.redis.RedisProperties] is not eligible for getting processed by all BeanPostProcessors (for example: not eligible for auto-proxying)
2019-01-10 11:49:53,291:INFO main (PostProcessorRegistrationDelegate.java:330) - Bean 'org.springframework.boot.autoconfigure.data.redis.LettuceConnectionConfiguration' of type [org.springframework.boot.autoconfigure.data.redis.LettuceConnectionConfiguration$$EnhancerBySpringCGLIB$$48a93af] is not eligible for getting processed by all BeanPostProcessors (for example: not eligible for auto-proxying)
2019-01-10 11:49:53,295:INFO main (PostProcessorRegistrationDelegate.java:330) - Bean 'lettuceClientResources' of type [io.lettuce.core.resource.DefaultClientResources] is not eligible for getting processed by all BeanPostProcessors (for example: not eligible for auto-proxying)
2019-01-10 11:49:53,300:INFO main (PostProcessorRegistrationDelegate.java:330) - Bean 'redisConnectionFactory' of type [org.springframework.data.redis.connection.lettuce.LettuceConnectionFactory] is not eligible for getting processed by all BeanPostProcessors (for example: not eligible for auto-proxying)
2019-01-10 11:49:53,301:INFO main (PostProcessorRegistrationDelegate.java:330) - Bean 'redisConfig' of type [com.bdth.bootDemo.config.RedisConfig$$EnhancerBySpringCGLIB$$8d9e5729] is not eligible for getting processed by all BeanPostProcessors (for example: not eligible for auto-proxying)
2019-01-10 11:49:53,943:INFO main (ExecutorConfigurationSupport.java:171) - Initializing ExecutorService 'applicationTaskExecutor'
2019-01-10 11:49:54,015:INFO main (WebAppConfig.java:51) - ====== imagesPath: file:/E:/Users ======
2019-01-10 11:49:54,016:INFO main (WebAppConfig.java:53) - ====== 2.上传配置类mImagesPath: file:/E:/Users ======
2019-01-10 11:49:54,052:INFO main (WelcomePageHandlerMapping.java:61) - Adding welcome page template: index
2019-01-10 11:49:54,364:INFO main (StartupInfoLogger.java:59) - Started DemoApplicationTests in 1.459 seconds (JVM running for 7.262)
2019-01-10 11:49:54,381:INFO Thread-4 (ExecutorConfigurationSupport.java:208) - Shutting down ExecutorService 'applicationTaskExecutor'
2019-01-10 11:49:54,382:INFO Thread-2 (ExecutorConfigurationSupport.java:208) - Shutting down ExecutorService 'applicationTaskExecutor'
